d:\skola\bakalarka\pokusy\rtree_test\debug\vc140.pdb
d:\skola\bakalarka\pokusy\rtree_test\debug\vc140.idb
d:\skola\bakalarka\pokusy\rtree_test\debug\cspacedescriptor.obj
d:\skola\bakalarka\pokusy\rtree_test\debug\ctuple.obj
d:\skola\bakalarka\pokusy\rtree_test\debug\cfilestream.obj
d:\skola\bakalarka\pokusy\rtree_test\debug\chistogram.obj
d:\skola\bakalarka\pokusy\rtree_test\debug\ctimer.obj
d:\skola\bakalarka\pokusy\rtree_test\debug\cbucketheader.obj
d:\skola\bakalarka\pokusy\rtree_test\debug\cbucketheaderstorage.obj
d:\skola\bakalarka\pokusy\rtree_test\debug\ccachestatistics.obj
d:\skola\bakalarka\pokusy\rtree_test\debug\cdstructheader.obj
d:\skola\bakalarka\pokusy\rtree_test\debug\cnode.obj
d:\skola\bakalarka\pokusy\rtree_test\debug\cnodecache.obj
d:\skola\bakalarka\pokusy\rtree_test\debug\cnodeheader.obj
d:\skola\bakalarka\pokusy\rtree_test\debug\cquickdb.obj
d:\skola\bakalarka\pokusy\rtree_test\debug\ctreeheader.obj
d:\skola\bakalarka\pokusy\rtree_test\debug\ctreenodeheader.obj
d:\skola\bakalarka\pokusy\rtree_test\debug\crangequerycontext.obj
d:\skola\bakalarka\pokusy\rtree_test\debug\ccommonrtree.obj
d:\skola\bakalarka\pokusy\rtree_test\debug\csignaturekey.obj
d:\skola\bakalarka\pokusy\rtree_test\debug\csignaturerecord.obj
d:\skola\bakalarka\pokusy\rtree_test\debug\csignaturestorage.obj
d:\skola\bakalarka\pokusy\rtree_test\debug\cbitarray.obj
d:\skola\bakalarka\pokusy\rtree_test\debug\cbitstring.obj
d:\skola\bakalarka\pokusy\rtree_test\debug\cfastbitarray.obj
d:\skola\bakalarka\pokusy\rtree_test\debug\csignature.obj
d:\skola\bakalarka\pokusy\rtree_test\debug\cuniversalcodereliasdelta.obj
d:\skola\bakalarka\pokusy\rtree_test\debug\cuniversalcodereliasfibonacci.obj
d:\skola\bakalarka\pokusy\rtree_test\debug\cuniversalcoderfasteliasdelta.obj
d:\skola\bakalarka\pokusy\rtree_test\debug\cuniversalcoderfasteliasfibonacci.obj
d:\skola\bakalarka\pokusy\rtree_test\debug\cuniversalcoderfastfibonacci2.obj
d:\skola\bakalarka\pokusy\rtree_test\debug\cuniversalcoderfastfibonacci3.obj
d:\skola\bakalarka\pokusy\rtree_test\debug\cuniversalcoderfibonacci2.obj
d:\skola\bakalarka\pokusy\rtree_test\debug\cuniversalcoderfibonacci3.obj
d:\skola\bakalarka\pokusy\rtree_test\debug\cuniversalcoderfixedlength.obj
d:\skola\bakalarka\pokusy\rtree_test\debug\coder.obj
d:\skola\bakalarka\pokusy\rtree_test\debug\cbasictype.obj
d:\skola\bakalarka\pokusy\rtree_test\debug\cdatatype.obj
d:\skola\bakalarka\pokusy\rtree_test\debug\chntuple.obj
d:\skola\bakalarka\pokusy\rtree_test\debug\cmbrsidesizeorder.obj
d:\skola\bakalarka\pokusy\rtree_test\debug\rtree.obj
d:\skola\bakalarka\pokusy\rtree_test\debug\rtree.ilk
d:\skola\bakalarka\pokusy\rtree_test\debug\rtree.exe
d:\skola\bakalarka\pokusy\rtree_test\debug\rtree.pdb
d:\skola\bakalarka\pokusy\rtree_test\debug\carray.obj
d:\skola\bakalarka\pokusy\rtree_test\debug\cblocklinkedlist.obj
d:\skola\bakalarka\pokusy\rtree_test\debug\ccharstream.obj
d:\skola\bakalarka\pokusy\rtree_test\debug\ccodercommon.obj
d:\skola\bakalarka\pokusy\rtree_test\debug\ccommon.obj
d:\skola\bakalarka\pokusy\rtree_test\debug\ccounter.obj
d:\skola\bakalarka\pokusy\rtree_test\debug\ccudatimer.obj
d:\skola\bakalarka\pokusy\rtree_test\debug\cdtdescriptor.obj
d:\skola\bakalarka\pokusy\rtree_test\debug\cexponentialrandomgenerator.obj
d:\skola\bakalarka\pokusy\rtree_test\debug\cgaussrandomgenerator.obj
d:\skola\bakalarka\pokusy\rtree_test\debug\cgpuconst.obj
d:\skola\bakalarka\pokusy\rtree_test\debug\cheapmemoryblock.obj
d:\skola\bakalarka\pokusy\rtree_test\debug\cmemcheckutil.obj
d:\skola\bakalarka\pokusy\rtree_test\debug\cmemory.obj
d:\skola\bakalarka\pokusy\rtree_test\debug\cmemoryblock.obj
d:\skola\bakalarka\pokusy\rtree_test\debug\cmemorymanager.obj
d:\skola\bakalarka\pokusy\rtree_test\debug\cmemorymanagercuda.obj
d:\skola\bakalarka\pokusy\rtree_test\debug\cmemorypool.obj
d:\skola\bakalarka\pokusy\rtree_test\debug\cnumber.obj
d:\skola\bakalarka\pokusy\rtree_test\debug\cqueryprocstat.obj
d:\skola\bakalarka\pokusy\rtree_test\debug\crangequeryconfig.obj
d:\skola\bakalarka\pokusy\rtree_test\debug\crtreelog.obj
d:\skola\bakalarka\pokusy\rtree_test\debug\csignaturecontroller.obj
d:\skola\bakalarka\pokusy\rtree_test\debug\cuniformrandomgenerator.obj
d:\skola\bakalarka\pokusy\rtree_test\debug\meteredsection.obj
d:\skola\bakalarka\pokusy\rtree_test\debug\rtree.tlog\cl.command.1.tlog
d:\skola\bakalarka\pokusy\rtree_test\debug\rtree.tlog\cl.read.1.tlog
d:\skola\bakalarka\pokusy\rtree_test\debug\rtree.tlog\cl.write.1.tlog
d:\skola\bakalarka\pokusy\rtree_test\debug\rtree.tlog\link.command.1.tlog
d:\skola\bakalarka\pokusy\rtree_test\debug\rtree.tlog\link.read.1.tlog
d:\skola\bakalarka\pokusy\rtree_test\debug\rtree.tlog\link.write.1.tlog
